<?xml version="1.0" encoding="UTF-8"?>
<!-- Generated by org.testng.reporters.JUnitXMLReporter -->
<testsuite hostname="sapna-testlead" name="Default test" tests="5" failures="0" timestamp="7 Sep 2016 11:59:07 GMT" time="679.978" errors="0">
  <testcase name="testVerifyAddAttendantsAppointment" time="86.499" classname="com.patientapp.tests.ServicesTests"/>
  <testcase name="testVerifyAddElderCareAppointment" time="82.769" classname="com.patientapp.tests.ServicesTests"/>
  <testcase name="testVerifyAddNursingAppointment" time="101.073" classname="com.patientapp.tests.ServicesTests"/>
  <testcase name="testVerifyAddPostNatalCareAppointment" time="99.114" classname="com.patientapp.tests.ServicesTests"/>
  <testcase name="testVerifyBookVaccination" time="97.527" classname="com.patientapp.tests.ServicesTests"/>
</testsuite> <!-- Default test -->
